<?xml version="1.0" encoding="UTF-8"?>
<!-- Generated by org.testng.reporters.JUnitReportReporter -->
<testsuite skipped="0" hostname="adhir" name="com.learning.Test_Automation.Login_gmail_2" tests="1" failures="0" timestamp="13 Jun 2019 20:25:29 GMT" time="1.830" errors="0">
  <testcase name="launchurl" time="1.830" classname="com.learning.Test_Automation.Login_gmail_2"/>
</testsuite> <!-- com.learning.Test_Automation.Login_gmail_2 -->
