<?xml version="1.0" encoding="UTF-8"?>
<!-- Generated by org.testng.reporters.JUnitReportReporter -->
<testsuite hostname="adhir" failures="0" tests="1" name="com.learning.Test_Automation.Login_gmail" time="1.227" errors="0" timestamp="06 Jun 2019 17:02:21 GMT" skipped="0">
  <testcase classname="com.learning.Test_Automation.Login_gmail" name="launchurl" time="1.227"/>
</testsuite> <!-- com.learning.Test_Automation.Login_gmail -->
